<?xml version="1.0" encoding="UTF-8"?>
<!-- Generated by org.testng.reporters.JUnitReportReporter -->
<testsuite hostname="BLR1-LHP-N64265" failures="0" tests="3" name="com.crm.qa.testcases.SignUpPageTest" time="103.930" errors="0" timestamp="2019-10-09T15:05:56 IST" skipped="0">
  <testcase classname="com.crm.qa.testcases.SignUpPageTest" name="verifySignUpPageLevelTest" time="27.972"/>
  <testcase classname="com.crm.qa.testcases.SignUpPageTest" name="validateEmailIdTest" time="35.739"/>
  <testcase classname="com.crm.qa.testcases.SignUpPageTest" name="selectDropDownTest" time="40.219"/>
</testsuite> <!-- com.crm.qa.testcases.SignUpPageTest -->
