<?xml version="1.0" encoding="UTF-8"?>
<!-- Generated by org.testng.reporters.JUnitReportReporter -->
<testsuite hostname="BLR1-LHP-N64265" failures="0" tests="1" name="com.crm.qa.testcases.DealsPageTest" time="14.179" errors="0" timestamp="2019-10-11T14:26:22 IST" skipped="0">
  <testcase classname="com.crm.qa.testcases.DealsPageTest" name="verifyDealsLabelTest" time="14.179"/>
</testsuite> <!-- com.crm.qa.testcases.DealsPageTest -->
