<?xml version="1.0" encoding="UTF-8"?>
<!-- Generated by org.testng.reporters.JUnitReportReporter -->
<testsuite hostname="BLR1-LHP-N64265" failures="0" tests="3" name="com.crm.qa.testcases.HomePageTest" time="40.094" errors="0" timestamp="2019-10-11T14:26:22 IST" skipped="0">
  <testcase classname="com.crm.qa.testcases.HomePageTest" name="clickOnContactLinklTest" time="14.204"/>
  <testcase classname="com.crm.qa.testcases.HomePageTest" name="verifyUserNameTest" time="14.095"/>
  <testcase classname="com.crm.qa.testcases.HomePageTest" name="verifyHomePageTitleTest" time="11.795"/>
</testsuite> <!-- com.crm.qa.testcases.HomePageTest -->
